2021-03-04 21:31:16 ERROR Lab5Criteria:38 - javax.persistence.NoResultException: No entity found for query
2021-03-04 21:31:17 INFO  Lab5HQLTest:87 - Criteria test Прошло времени, мс: 5559
2021-03-04 21:31:59 ERROR Lab5HQL:78 - javax.persistence.NoResultException: No entity found for query
2021-03-04 21:32:00 INFO  Lab5HQLTest:97 - HQL test Прошло времени, мс: 5548
2021-03-04 21:32:42 ERROR Lab5NativeSQL:34 - java.lang.IllegalArgumentException: Type specified for TypedQuery [ru.sfedu.groupappcontrolhiber.lab5.models.Task] is incompatible with query return type [class ru.sfedu.groupappcontrolhiber.lab5.models.Project]
2021-03-04 21:32:43 INFO  Lab5HQLTest:107 - SQL test Прошло времени, мс: 5456
